<?xml version="1.0" encoding="UTF-8"?>
<!-- Generated by org.testng.reporters.JUnitXMLReporter -->
<testsuite ignored="0" hostname="DESKTOP-COT2GCT" failures="2" tests="5" name="d1 tests" time="44.003" errors="0" timestamp="06 Ağu 2019 12:33:46 GMT">
  <testcase classname="com.d1tech.tests.TestLoginPage" name="verifyTitle" time="0.005">
    <failure type="java.lang.NullPointerException">
      <![CDATA[java.lang.NullPointerException
at org.openqa.selenium.support.pagefactory.DefaultElementLocator.findElement(DefaultElementLocator.java:69)
at org.openqa.selenium.support.pagefactory.internal.LocatingElementHandler.invoke(LocatingElementHandler.java:38)
at com.sun.proxy.$Proxy12.getText(Unknown Source)
at com.d1tech.pages.LoginPage.getLoginTitle(LoginPage.java:67)
at com.d1tech.tests.TestLoginPage.verifyTitle(TestLoginPage.java:35)
... Removed 25 stack frames]]>
    </failure>
  </testcase> <!-- verifyTitle -->
  <testcase classname="com.d1tech.tests.TestHomePage" name="getTitle" time="0.803"/>
  <testcase classname="com.d1tech.tests.TestLoginPage" name="verifyEmail" time="0.0">
    <failure type="java.lang.NullPointerException">
      <![CDATA[java.lang.NullPointerException
at org.openqa.selenium.support.pagefactory.DefaultElementLocator.findElement(DefaultElementLocator.java:69)
at org.openqa.selenium.support.pagefactory.internal.LocatingElementHandler.invoke(LocatingElementHandler.java:38)
at com.sun.proxy.$Proxy12.sendKeys(Unknown Source)
at com.d1tech.pages.LoginPage.setEMail(LoginPage.java:34)
at com.d1tech.tests.TestLoginPage.verifyEmail(TestLoginPage.java:47)
... Removed 25 stack frames]]>
    </failure>
  </testcase> <!-- verifyEmail -->
  <testcase classname="com.d1tech.tests.TestHomePage" name="clickSignIn" time="2.148"/>
  <testcase classname="com.d1tech.tests.TestLoginPage" name="verifyPassword" time="0.001"/>
</testsuite> <!-- d1 tests -->
