<?xml version="1.0" encoding="UTF-8" ?>
<testsuite tests="5" failures="1" name="TestSuite" time="1.745" errors="0" skipped="0">
  <properties>
[...]
</properties>
  <testcase classname="com.d1tech.tests.TestHomePage" name="getTitle" time="0.014"/>
  <testcase classname="com.d1tech.tests.TestHomePage" name="clickSignIn" time="1.163"/>
  <testcase classname="com.d1tech.tests.TestLoginPage" name="verifyTitle" time="0.009"/>
  <testcase classname="com.d1tech.tests.TestLoginPage" name="verifyEmail" time="0.21"/>
  <testcase classname="com.d1tech.tests.TestLoginPage" name="verifyPassword" time="0.349">
    <failure message="expected [1234a5678A] but found []" type="java.lang.AssertionError">java.lang.AssertionError: expected [1234a5678A] but found []
	at org.testng.Assert.fail(Assert.java:96)
	at org.testng.Assert.failNotEquals(Assert.java:776)
	at org.testng.Assert.assertEqualsImpl(Assert.java:137)
	at org.testng.Assert.assertEquals(Assert.java:118)
	at org.testng.Assert.assertEquals(Assert.java:453)
	at org.testng.Assert.assertEquals(Assert.java:463)
	at com.d1tech.tests.TestLoginPage.verifyPassword(TestLoginPage.java:80)
</failure>
    <system-err>1565180879152	Marionette	INFO	Stopped listening on port 36361
1565180883601	mozrunner::runner	INFO	Running command: &quot;/usr/lib/firefox/firefox&quot; &quot;-marionette&quot; &quot;-foreground&quot; &quot;-no-remote&quot; &quot;-profile&quot; &quot;/tmp/rust_mozprofile.kA0i1Kqcbl7o&quot;
1565180884559	addons.webextension.screenshots@mozilla.org	WARN	Loading extension &apos;screenshots@mozilla.org&apos;: Reading manifest: Invalid extension permission: mozillaAddons
1565180884559	addons.webextension.screenshots@mozilla.org	WARN	Loading extension &apos;screenshots@mozilla.org&apos;: Reading manifest: Invalid extension permission: telemetry
1565180884560	addons.webextension.screenshots@mozilla.org	WARN	Loading extension &apos;screenshots@mozilla.org&apos;: Reading manifest: Invalid extension permission: resource://pdf.js/
1565180884560	addons.webextension.screenshots@mozilla.org	WARN	Loading extension &apos;screenshots@mozilla.org&apos;: Reading manifest: Invalid extension permission: about:reader*
1565180887968	Marionette	INFO	Listening on port 43081
1565180888024	Marionette	WARN	TLS certificate errors will be ignored for this session
Aug 07, 2019 3:28:08 PM org.openqa.selenium.remote.ProtocolHandshake createSession
INFO: Detected dialect: W3C
JavaScript error: https://www.n11.com/, line 4044: ReferenceError: jQuery is not defined
</system-err>
  </testcase>
</testsuite>