<?xml version="1.0" encoding="UTF-8"?>
<testng-results ignored="0" total="5" passed="5" failed="0" skipped="0">
  <reporter-output>
  </reporter-output>
  <suite started-at="2019-08-07T12:34:34Z" name="d1 - n11 test suite" finished-at="2019-08-07T12:36:16Z" duration-ms="101572">
    <groups>
    </groups>
    <test started-at="2019-08-07T12:34:34Z" name="d1 tests" finished-at="2019-08-07T12:36:16Z" duration-ms="101572">
      <class name="com.d1tech.tests.TestHomePage">
        <test-method is-config="true" signature="setUp()[pri:0, instance:com.d1tech.tests.TestHomePage@169bb4dd]" started-at="2019-08-07T12:34:34Z" name="setUp" finished-at="2019-08-07T12:34:51Z" duration-ms="16310" status="PASS">
          <reporter-output>
          </reporter-output>
        </test-method> <!-- setUp -->
        <test-method signature="getTitle()[pri:1, instance:com.d1tech.tests.TestHomePage@169bb4dd]" started-at="2019-08-07T12:34:51Z" name="getTitle" finished-at="2019-08-07T12:34:51Z" duration-ms="22" status="PASS">
          <reporter-output>
          </reporter-output>
        </test-method> <!-- getTitle -->
        <test-method is-config="true" signature="tearDown()[pri:0, instance:com.d1tech.tests.TestHomePage@169bb4dd]" started-at="2019-08-07T12:34:51Z" name="tearDown" finished-at="2019-08-07T12:35:04Z" duration-ms="13523" status="PASS">
          <reporter-output>
          </reporter-output>
        </test-method> <!-- tearDown -->
        <test-method is-config="true" signature="setUp()[pri:0, instance:com.d1tech.tests.TestHomePage@169bb4dd]" started-at="2019-08-07T12:35:04Z" name="setUp" finished-at="2019-08-07T12:35:14Z" duration-ms="10161" status="PASS">
          <reporter-output>
          </reporter-output>
        </test-method> <!-- setUp -->
        <test-method signature="clickSignIn()[pri:2, instance:com.d1tech.tests.TestHomePage@169bb4dd]" started-at="2019-08-07T12:35:14Z" name="clickSignIn" finished-at="2019-08-07T12:35:16Z" duration-ms="1203" status="PASS">
          <reporter-output>
          </reporter-output>
        </test-method> <!-- clickSignIn -->
        <test-method is-config="true" signature="tearDown()[pri:0, instance:com.d1tech.tests.TestHomePage@169bb4dd]" started-at="2019-08-07T12:35:16Z" name="tearDown" finished-at="2019-08-07T12:35:21Z" duration-ms="5375" status="PASS">
          <reporter-output>
          </reporter-output>
        </test-method> <!-- tearDown -->
      </class> <!-- com.d1tech.tests.TestHomePage -->
      <class name="com.d1tech.tests.TestLoginPage">
        <test-method is-config="true" signature="setUp()[pri:0, instance:com.d1tech.tests.TestLoginPage@1f9e9475]" started-at="2019-08-07T12:35:21Z" name="setUp" finished-at="2019-08-07T12:35:30Z" duration-ms="9357" status="PASS">
          <reporter-output>
          </reporter-output>
        </test-method> <!-- setUp -->
        <test-method signature="verifyTitle()[pri:3, instance:com.d1tech.tests.TestLoginPage@1f9e9475]" started-at="2019-08-07T12:35:30Z" name="verifyTitle" finished-at="2019-08-07T12:35:30Z" duration-ms="38" status="PASS">
          <reporter-output>
          </reporter-output>
        </test-method> <!-- verifyTitle -->
        <test-method is-config="true" signature="tearDown()[pri:0, instance:com.d1tech.tests.TestLoginPage@1f9e9475]" started-at="2019-08-07T12:35:30Z" name="tearDown" finished-at="2019-08-07T12:35:43Z" duration-ms="12329" status="PASS">
          <reporter-output>
          </reporter-output>
        </test-method> <!-- tearDown -->
        <test-method is-config="true" signature="setUp()[pri:0, instance:com.d1tech.tests.TestLoginPage@1f9e9475]" started-at="2019-08-07T12:35:43Z" name="setUp" finished-at="2019-08-07T12:35:52Z" duration-ms="9224" status="PASS">
          <reporter-output>
          </reporter-output>
        </test-method> <!-- setUp -->
        <test-method signature="verifyEmail()[pri:4, instance:com.d1tech.tests.TestLoginPage@1f9e9475]" started-at="2019-08-07T12:35:52Z" name="verifyEmail" finished-at="2019-08-07T12:35:52Z" duration-ms="406" status="PASS">
          <reporter-output>
          </reporter-output>
        </test-method> <!-- verifyEmail -->
        <test-method is-config="true" signature="tearDown()[pri:0, instance:com.d1tech.tests.TestLoginPage@1f9e9475]" started-at="2019-08-07T12:35:52Z" name="tearDown" finished-at="2019-08-07T12:35:58Z" duration-ms="5546" status="PASS">
          <reporter-output>
          </reporter-output>
        </test-method> <!-- tearDown -->
        <test-method is-config="true" signature="setUp()[pri:0, instance:com.d1tech.tests.TestLoginPage@1f9e9475]" started-at="2019-08-07T12:35:58Z" name="setUp" finished-at="2019-08-07T12:36:10Z" duration-ms="11900" status="PASS">
          <reporter-output>
          </reporter-output>
        </test-method> <!-- setUp -->
        <test-method signature="verifyPassword()[pri:5, instance:com.d1tech.tests.TestLoginPage@1f9e9475]" started-at="2019-08-07T12:36:10Z" name="verifyPassword" finished-at="2019-08-07T12:36:10Z" duration-ms="347" status="PASS">
          <reporter-output>
          </reporter-output>
        </test-method> <!-- verifyPassword -->
        <test-method is-config="true" signature="tearDown()[pri:0, instance:com.d1tech.tests.TestLoginPage@1f9e9475]" started-at="2019-08-07T12:36:10Z" name="tearDown" finished-at="2019-08-07T12:36:16Z" duration-ms="5766" status="PASS">
          <reporter-output>
          </reporter-output>
        </test-method> <!-- tearDown -->
      </class> <!-- com.d1tech.tests.TestLoginPage -->
    </test> <!-- d1 tests -->
  </suite> <!-- d1 - n11 test suite -->
</testng-results>
