<?xml version="1.0" encoding="UTF-8"?>
<testng-results ignored="0" total="2" passed="2" failed="0" skipped="0">
  <reporter-output>
  </reporter-output>
  <suite started-at="2019-08-05T13:56:14Z" name="Default suite" finished-at="2019-08-05T13:56:57Z" duration-ms="42561">
    <groups>
    </groups>
    <test started-at="2019-08-05T13:56:14Z" name="Default test" finished-at="2019-08-05T13:56:57Z" duration-ms="42561">
      <class name="com.d1tech.tests.TestHomePage">
        <test-method is-config="true" signature="setUp()[pri:0, instance:com.d1tech.tests.TestHomePage@45f45fa1]" started-at="2019-08-05T13:56:15Z" name="setUp" finished-at="2019-08-05T13:56:39Z" duration-ms="24233" status="PASS">
          <reporter-output>
          </reporter-output>
        </test-method> <!-- setUp -->
        <test-method signature="getTitle()[pri:1, instance:com.d1tech.tests.TestHomePage@45f45fa1]" started-at="2019-08-05T13:56:39Z" name="getTitle" finished-at="2019-08-05T13:56:39Z" duration-ms="26" status="PASS">
          <reporter-output>
          </reporter-output>
        </test-method> <!-- getTitle -->
        <test-method is-config="true" signature="tearDown()[pri:0, instance:com.d1tech.tests.TestHomePage@45f45fa1]" started-at="2019-08-05T13:56:39Z" name="tearDown" finished-at="2019-08-05T13:56:43Z" duration-ms="4412" status="PASS">
          <reporter-output>
          </reporter-output>
        </test-method> <!-- tearDown -->
        <test-method is-config="true" signature="setUp()[pri:0, instance:com.d1tech.tests.TestHomePage@45f45fa1]" started-at="2019-08-05T13:56:43Z" name="setUp" finished-at="2019-08-05T13:56:52Z" duration-ms="8427" status="PASS">
          <reporter-output>
          </reporter-output>
        </test-method> <!-- setUp -->
        <test-method signature="clickSignIn()[pri:2, instance:com.d1tech.tests.TestHomePage@45f45fa1]" started-at="2019-08-05T13:56:52Z" name="clickSignIn" finished-at="2019-08-05T13:56:53Z" duration-ms="1046" status="PASS">
          <reporter-output>
          </reporter-output>
        </test-method> <!-- clickSignIn -->
        <test-method is-config="true" signature="tearDown()[pri:0, instance:com.d1tech.tests.TestHomePage@45f45fa1]" started-at="2019-08-05T13:56:53Z" name="tearDown" finished-at="2019-08-05T13:56:57Z" duration-ms="4340" status="PASS">
          <reporter-output>
          </reporter-output>
        </test-method> <!-- tearDown -->
      </class> <!-- com.d1tech.tests.TestHomePage -->
    </test> <!-- Default test -->
  </suite> <!-- Default suite -->
</testng-results>
