<?xml version="1.0" encoding="UTF-8"?>
<!-- Generated by org.testng.reporters.JUnitXMLReporter -->
<testsuite ignored="0" hostname="hfkboun" failures="0" tests="5" name="d1 tests" time="101.572" errors="0" timestamp="07 Aug 2019 12:36:16 GMT">
  <testcase classname="com.d1tech.tests.TestHomePage" name="getTitle" time="0.022"/>
  <testcase classname="com.d1tech.tests.TestHomePage" name="clickSignIn" time="1.203"/>
  <testcase classname="com.d1tech.tests.TestLoginPage" name="verifyTitle" time="0.038"/>
  <testcase classname="com.d1tech.tests.TestLoginPage" name="verifyEmail" time="0.406"/>
  <testcase classname="com.d1tech.tests.TestLoginPage" name="verifyPassword" time="0.347"/>
</testsuite> <!-- d1 tests -->
